0 info it worked if it ends with ok
1 verbose cli [ '/root/.nvm/v0.10.28/bin/node',
1 verbose cli   '/root/.nvm/v0.10.28/bin/npm',
1 verbose cli   'install',
1 verbose cli   'hexo-renderer-jade',
1 verbose cli   '--save' ]
2 info using npm@1.4.9
3 info using node@v0.10.28
4 verbose readDependencies using package.json deps
5 verbose cache add [ 'hexo-renderer-jade', null ]
6 verbose cache add name=undefined spec="hexo-renderer-jade" args=["hexo-renderer-jade",null]
7 verbose parsed url { protocol: null,
7 verbose parsed url   slashes: null,
7 verbose parsed url   auth: null,
7 verbose parsed url   host: null,
7 verbose parsed url   port: null,
7 verbose parsed url   hostname: null,
7 verbose parsed url   hash: null,
7 verbose parsed url   search: null,
7 verbose parsed url   query: null,
7 verbose parsed url   pathname: 'hexo-renderer-jade',
7 verbose parsed url   path: 'hexo-renderer-jade',
7 verbose parsed url   href: 'hexo-renderer-jade' }
8 silly lockFile 9b1371eb-hexo-renderer-jade hexo-renderer-jade
9 verbose lock hexo-renderer-jade /root/.npm/9b1371eb-hexo-renderer-jade.lock
10 silly lockFile 9b1371eb-hexo-renderer-jade hexo-renderer-jade
11 silly lockFile 9b1371eb-hexo-renderer-jade hexo-renderer-jade
12 verbose addNamed [ 'hexo-renderer-jade', '' ]
13 verbose addNamed [ null, '*' ]
14 silly lockFile f820993c-hexo-renderer-jade hexo-renderer-jade@
15 verbose lock hexo-renderer-jade@ /root/.npm/f820993c-hexo-renderer-jade.lock
16 silly addNameRange { name: 'hexo-renderer-jade', range: '*', hasData: false }
17 verbose url raw hexo-renderer-jade
18 verbose url resolving [ 'https://registry.npmjs.org/', './hexo-renderer-jade' ]
19 verbose url resolved https://registry.npmjs.org/hexo-renderer-jade
20 info trying registry request attempt 1 at 15:07:11
21 http GET https://registry.npmjs.org/hexo-renderer-jade
22 info retry will retry, error on last attempt: Error: getaddrinfo ENOTFOUND
23 info trying registry request attempt 2 at 15:07:26
24 http GET https://registry.npmjs.org/hexo-renderer-jade
25 info retry will retry, error on last attempt: Error: getaddrinfo ENOTFOUND
26 info trying registry request attempt 3 at 15:08:26
27 http GET https://registry.npmjs.org/hexo-renderer-jade
28 silly lockFile f820993c-hexo-renderer-jade hexo-renderer-jade@
29 silly lockFile f820993c-hexo-renderer-jade hexo-renderer-jade@
30 error network getaddrinfo ENOTFOUND
30 error network This is most likely not a problem with npm itself
30 error network and is related to network connectivity.
30 error network In most cases you are behind a proxy or have bad network settings.
30 error network
30 error network If you are behind a proxy, please make sure that the
30 error network 'proxy' config is set properly.  See: 'npm help config'
31 error System Linux 3.2.0-29-generic
32 error command "/root/.nvm/v0.10.28/bin/node" "/root/.nvm/v0.10.28/bin/npm" "install" "hexo-renderer-jade" "--save"
33 error cwd /disburden/hexo
34 error node -v v0.10.28
35 error npm -v 1.4.9
36 error syscall getaddrinfo
37 error code ENOTFOUND
38 error errno ENOTFOUND
39 verbose exit [ 1, true ]
